[2022-06-26 09:21:40] local.ERROR: file_get_contents(): open_basedir restriction in effect. File(/etc/shadow) is not within the allowed path(s): (/home/saipacker:/var/log/spamavoid/:/tmp/:/var/lib/php/session/) {"exception":"[object] (ErrorException(code: 0): file_get_contents(): open_basedir restriction in effect. File(/etc/shadow) is not within the allowed path(s): (/home/saipacker:/var/log/spamavoid/:/tmp/:/var/lib/php/session/) at /home/saipacker/public_html/vendor/facade/ignition/src/Solutions/MakeViewVariableOptionalSolution.php:76)
[stacktrace]
#0 [internal function]: Illuminate\\Foundation\\Bootstrap\\HandleExceptions->handleError(2, 'file_get_conten...', '/home/saipacker...', 76, Array)
#1 /home/saipacker/public_html/vendor/facade/ignition/src/Solutions/MakeViewVariableOptionalSolution.php(76): file_get_contents('/etc/shadow')
#2 /home/saipacker/public_html/vendor/facade/ignition/src/Solutions/MakeViewVariableOptionalSolution.php(68): Facade\\Ignition\\Solutions\\MakeViewVariableOptionalSolution->makeOptional(Array)
#3 /home/saipacker/public_html/vendor/facade/ignition/src/Http/Controllers/ExecuteSolutionController.php(19): Facade\\Ignition\\Solutions\\MakeViewVariableOptionalSolution->run(Array)
#4 /home/saipacker/public_html/vendor/laravel/framework/src/Illuminate/Routing/ControllerDispatcher.php(48): Facade\\Ignition\\Http\\Controllers\\ExecuteSolutionController->__invoke(Object(Facade\\Ignition\\Http\\Requests\\ExecuteSolutionRequest), Object(Facade\\Ignition\\SolutionProviders\\SolutionProviderRepository))
#5 /home/saipacker/public_html/vendor/laravel/framework/src/Illuminate/Routing/Route.php(219): Illuminate\\Routing\\ControllerDispatcher->dispatch(Object(Illuminate\\Routing\\Route), Object(Facade\\Ignition\\Http\\Controllers\\ExecuteSolutionController), '__invoke')
#6 /home/saipacker/public_html/vendor/laravel/framework/src/Illuminate/Routing/Route.php(176): Illuminate\\Routing\\Route->runController()
#7 /home/saipacker/public_html/vendor/laravel/framework/src/Illuminate/Routing/Router.php(681): Illuminate\\Routing\\Route->run()
#8 /home/saipacker/public_html/vendor/laravel/framework/src/Illuminate/Pipeline/Pipeline.php(130): Illuminate\\Routing\\Router->Illuminate\\Routing\\{closure}(Object(Illuminate\\Http\\Request))
#9 /home/saipacker/public_html/vendor/facade/ignition/src/Http/Middleware/IgnitionConfigValueEnabled.php(25): Illuminate\\Pipeline\\Pipeline->Illuminate\\Pipeline\\{closure}(Object(Illuminate\\Http\\Request))
#10 /home/saipacker/public_html/vendor/laravel/framework/src/Illuminate/Pipeline/Pipeline.php(171): Facade\\Ignition\\Http\\Middleware\\IgnitionConfigValueEnabled->handle(Object(Illuminate\\Http\\Request), Object(Closure), 'enableRunnableS...')
#11 /home/saipacker/public_html/vendor/facade/ignition/src/Http/Middleware/IgnitionEnabled.php(23): Illuminate\\Pipeline\\Pipeline->Illuminate\\Pipeline\\{closure}(Object(Illuminate\\Http\\Request))
#12 /home/saipacker/public_html/vendor/laravel/framework/src/Illuminate/Pipeline/Pipeline.php(171): Facade\\Ignition\\Http\\Middleware\\IgnitionEnabled->handle(Object(Illuminate\\Http\\Request), Object(Closure))
#13 /home/saipacker/public_html/vendor/laravel/framework/src/Illuminate/Pipeline/Pipeline.php(105): Illuminate\\Pipeline\\Pipeline->Illuminate\\Pipeline\\{closure}(Object(Illuminate\\Http\\Request))
#14 /home/saipacker/public_html/vendor/laravel/framework/src/Illuminate/Routing/Router.php(683): Illuminate\\Pipeline\\Pipeline->then(Object(Closure))
#15 /home/saipacker/public_html/vendor/laravel/framework/src/Illuminate/Routing/Router.php(658): Illuminate\\Routing\\Router->runRouteWithinStack(Object(Illuminate\\Routing\\Route), Object(Illuminate\\Http\\Request))
#16 /home/saipacker/public_html/vendor/laravel/framework/src/Illuminate/Routing/Router.php(624): Illuminate\\Routing\\Router->runRoute(Object(Illuminate\\Http\\Request), Object(Illuminate\\Routing\\Route))
#17 /home/saipacker/public_html/vendor/laravel/framework/src/Illuminate/Routing/Router.php(613): Illuminate\\Routing\\Router->dispatchToRoute(Object(Illuminate\\Http\\Request))
#18 /home/saipacker/public_html/vendor/laravel/framework/src/Illuminate/Foundation/Http/Kernel.php(170): Illuminate\\Routing\\Router->dispatch(Object(Illuminate\\Http\\Request))
#19 /home/saipacker/public_html/vendor/laravel/framework/src/Illuminate/Pipeline/Pipeline.php(130): Illuminate\\Foundation\\Http\\Kernel->Illuminate\\Foundation\\Http\\{closure}(Object(Illuminate\\Http\\Request))
#20 /home/saipacker/public_html/vendor/fruitcake/laravel-cors/src/HandleCors.php(36): Illuminate\\Pipeline\\Pipeline->Illuminate\\Pipeline\\{closure}(Object(Illuminate\\Http\\Request))
#21 /home/saipacker/public_html/vendor/laravel/framework/src/Illuminate/Pipeline/Pipeline.php(171): Fruitcake\\Cors\\HandleCors->handle(Object(Illuminate\\Http\\Request), Object(Closure))
#22 /home/saipacker/public_html/vendor/laravel/framework/src/Illuminate/Foundation/Http/Middleware/TransformsRequest.php(21): Illuminate\\Pipeline\\Pipeline->Illuminate\\Pipeline\\{closure}(Object(Illuminate\\Http\\Request))
#23 /home/saipacker/public_html/vendor/laravel/framework/src/Illuminate/Pipeline/Pipeline.php(171): Illuminate\\Foundation\\Http\\Middleware\\TransformsRequest->handle(Object(Illuminate\\Http\\Request), Object(Closure))
#24 /home/saipacker/public_html/vendor/laravel/framework/src/Illuminate/Foundation/Http/Middleware/TransformsRequest.php(21): Illuminate\\Pipeline\\Pipeline->Illuminate\\Pipeline\\{closure}(Object(Illuminate\\Http\\Request))
#25 /home/saipacker/public_html/vendor/laravel/framework/src/Illuminate/Pipeline/Pipeline.php(171): Illuminate\\Foundation\\Http\\Middleware\\TransformsRequest->handle(Object(Illuminate\\Http\\Request), Object(Closure))
#26 /home/saipacker/public_html/vendor/laravel/framework/src/Illuminate/Foundation/Http/Middleware/ValidatePostSize.php(27): Illuminate\\Pipeline\\Pipeline->Illuminate\\Pipeline\\{closure}(Object(Illuminate\\Http\\Request))
#27 /home/saipacker/public_html/vendor/laravel/framework/src/Illuminate/Pipeline/Pipeline.php(171): Illuminate\\Foundation\\Http\\Middleware\\ValidatePostSize->handle(Object(Illuminate\\Http\\Request), Object(Closure))
#28 /home/saipacker/public_html/vendor/laravel/framework/src/Illuminate/Foundation/Http/Middleware/CheckForMaintenanceMode.php(63): Illuminate\\Pipeline\\Pipeline->Illuminate\\Pipeline\\{closure}(Object(Illuminate\\Http\\Request))
#29 /home/saipacker/public_html/vendor/laravel/framework/src/Illuminate/Pipeline/Pipeline.php(171): Illuminate\\Foundation\\Http\\Middleware\\CheckForMaintenanceMode->handle(Object(Illuminate\\Http\\Request), Object(Closure))
#30 /home/saipacker/public_html/vendor/fideloper/proxy/src/TrustProxies.php(57): Illuminate\\Pipeline\\Pipeline->Illuminate\\Pipeline\\{closure}(Object(Illuminate\\Http\\Request))
#31 /home/saipacker/public_html/vendor/laravel/framework/src/Illuminate/Pipeline/Pipeline.php(171): Fideloper\\Proxy\\TrustProxies->handle(Object(Illuminate\\Http\\Request), Object(Closure))
#32 /home/saipacker/public_html/vendor/laravel/framework/src/Illuminate/Pipeline/Pipeline.php(105): Illuminate\\Pipeline\\Pipeline->Illuminate\\Pipeline\\{closure}(Object(Illuminate\\Http\\Request))
#33 /home/saipacker/public_html/vendor/laravel/framework/src/Illuminate/Foundation/Http/Kernel.php(145): Illuminate\\Pipeline\\Pipeline->then(Object(Closure))
#34 /home/saipacker/public_html/vendor/laravel/framework/src/Illuminate/Foundation/Http/Kernel.php(110): Illuminate\\Foundation\\Http\\Kernel->sendRequestThroughRouter(Object(Illuminate\\Http\\Request))
#35 /home/saipacker/public_html/public/index.php(55): Illuminate\\Foundation\\Http\\Kernel->handle(Object(Illuminate\\Http\\Request))
#36 /home/saipacker/public_html/server.php(21): require_once('/home/saipacker...')
#37 {main}
"} 
